Base path: '/home/sub/Unity/Hub/Editor/2019.4.18f1/Editor/Data', plugins path '/home/sub/Unity/Hub/Editor/2019.4.18f1/Editor/Data/PlaybackEngines'
Cmd: initializeCompiler
Cmd: initializeCompiler
Cmd: compileComputeKernel
  api=15 insize=12109 outsize=3929 ok=1
Cmd: compileComputeKernel
  api=18 insize=12109 outsize=4734 ok=1
Cmd: compileComputeKernel
  api=18 insize=12109 outsize=6599 ok=1
Cmd: compileComputeKernel
  api=18 insize=12109 outsize=5824 ok=1
Cmd: compileComputeKernel
  api=15 insize=11985 outsize=3509 ok=1
Cmd: compileComputeKernel
  api=18 insize=11985 outsize=6269 ok=1
Cmd: compileComputeKernel
  api=18 insize=11985 outsize=7721 ok=1
Cmd: compileComputeKernel
  api=18 insize=11985 outsize=6277 ok=1
Cmd: compileComputeKernel
  api=15 insize=18301 outsize=7275 ok=1
Cmd: compileComputeKernel
  api=15 insize=66874 outsize=6214 ok=1
Cmd: compileComputeKernel
  api=15 insize=66874 outsize=3270 ok=1
Cmd: compileComputeKernel
  api=15 insize=66874 outsize=7027 ok=1
Cmd: compileComputeKernel
  api=15 insize=66874 outsize=3134 ok=1
Cmd: compileComputeKernel
  api=15 insize=66874 outsize=4280 ok=1
Cmd: compileComputeKernel
  api=15 insize=66874 outsize=4327 ok=1
Cmd: compileComputeKernel
  api=15 insize=66874 outsize=3213 ok=1
Cmd: compileComputeKernel
  api=18 insize=66874 outsize=54803 ok=1
Cmd: compileComputeKernel
  api=18 insize=66874 outsize=8750 ok=1
Cmd: compileComputeKernel
  api=18 insize=66874 outsize=6326 ok=1
Cmd: compileComputeKernel
  api=18 insize=72903 outsize=23085 ok=1
Cmd: compileComputeKernel
  api=15 insize=34089 outsize=1946 ok=1
Cmd: compileComputeKernel
  api=15 insize=34089 outsize=1918 ok=1
Cmd: compileComputeKernel
  api=15 insize=34089 outsize=1871 ok=1
Cmd: compileComputeKernel
  api=15 insize=34089 outsize=2925 ok=1
Cmd: compileComputeKernel
  api=15 insize=34089 outsize=3045 ok=1
Cmd: compileComputeKernel
  api=15 insize=34089 outsize=3481 ok=1
Cmd: compileComputeKernel
  api=18 insize=34089 outsize=3425 ok=1
Cmd: compileComputeKernel
  api=18 insize=34089 outsize=3646 ok=1
Cmd: compileComputeKernel
  api=18 insize=34089 outsize=5678 ok=1
Cmd: compileComputeKernel
  api=18 insize=34089 outsize=6028 ok=1
Cmd: compileComputeKernel
  api=18 insize=34089 outsize=6702 ok=1
Cmd: compileComputeKernel
  api=15 insize=79248 outsize=47628 ok=1
Cmd: compileComputeKernel
  api=18 insize=79248 outsize=6992 ok=1
Cmd: compileComputeKernel
  api=18 insize=79248 outsize=8505 ok=1
Cmd: compileComputeKernel
  api=18 insize=79248 outsize=22367 ok=1
Cmd: compileComputeKernel
  api=18 insize=79248 outsize=51936 ok=1
Cmd: compileComputeKernel
  api=18 insize=4442 outsize=7990 ok=1
Cmd: initializeCompiler

Quitting shader compiler process
