Base path: '/home/sub/Unity/Hub/Editor/2019.4.18f1/Editor/Data', plugins path '/home/sub/Unity/Hub/Editor/2019.4.18f1/Editor/Data/PlaybackEngines'
Cmd: initializeCompiler
Cmd: compileComputeKernel
  api=15 insize=12109 outsize=3547 ok=1
Cmd: compileComputeKernel
  api=15 insize=11985 outsize=3367 ok=1
Cmd: compileComputeKernel
  api=18 insize=11985 outsize=6269 ok=1
Cmd: compileComputeKernel
  api=15 insize=18301 outsize=7565 ok=1
Cmd: compileComputeKernel
  api=18 insize=18301 outsize=23505 ok=1
Cmd: compileComputeKernel
  api=15 insize=66874 outsize=3666 ok=1
Cmd: compileComputeKernel
  api=15 insize=66874 outsize=4821 ok=1
Cmd: compileComputeKernel
  api=15 insize=66874 outsize=3799 ok=1
Cmd: compileComputeKernel
  api=15 insize=66874 outsize=3186 ok=1
Cmd: compileComputeKernel
  api=15 insize=66874 outsize=3131 ok=1
Cmd: compileComputeKernel
  api=15 insize=66874 outsize=3831 ok=1
Cmd: compileComputeKernel
  api=15 insize=66874 outsize=4570 ok=1
Cmd: compileComputeKernel
  api=15 insize=66874 outsize=3314 ok=1
Cmd: compileComputeKernel
  api=15 insize=66874 outsize=3293 ok=1
Cmd: compileComputeKernel
  api=18 insize=66874 outsize=7170 ok=1
Cmd: compileComputeKernel
  api=18 insize=66874 outsize=6737 ok=1
Cmd: compileComputeKernel
  api=18 insize=66874 outsize=7373 ok=1
Cmd: compileComputeKernel
  api=18 insize=66874 outsize=6019 ok=1
Cmd: compileComputeKernel
  api=18 insize=66874 outsize=8051 ok=1
Cmd: compileComputeKernel
  api=18 insize=66874 outsize=8059 ok=1
Cmd: compileComputeKernel
  api=18 insize=66874 outsize=5877 ok=1
Cmd: compileComputeKernel
  api=18 insize=66874 outsize=6537 ok=1
Cmd: compileComputeKernel
  api=18 insize=66874 outsize=4581 ok=1
Cmd: compileComputeKernel
  api=15 insize=72903 outsize=12024 ok=1
Cmd: compileComputeKernel
  api=15 insize=34089 outsize=1510 ok=1
Cmd: compileComputeKernel
  api=15 insize=34089 outsize=2060 ok=1
Cmd: compileComputeKernel
  api=15 insize=34089 outsize=1995 ok=1
Cmd: compileComputeKernel
  api=15 insize=34089 outsize=4065 ok=1
Cmd: compileComputeKernel
  api=15 insize=34089 outsize=2921 ok=1
Cmd: compileComputeKernel
  api=18 insize=34089 outsize=3181 ok=1
Cmd: compileComputeKernel
  api=18 insize=34089 outsize=3200 ok=1
Cmd: compileComputeKernel
  api=18 insize=34089 outsize=3513 ok=1
Cmd: compileComputeKernel
  api=18 insize=34089 outsize=7549 ok=1
Cmd: compileComputeKernel
  api=18 insize=34089 outsize=6197 ok=1
Cmd: compileComputeKernel
  api=18 insize=34089 outsize=5655 ok=1
Cmd: compileComputeKernel
  api=15 insize=79248 outsize=70915 ok=1
Cmd: compileComputeKernel
  api=18 insize=79248 outsize=15113 ok=1
Cmd: compileComputeKernel
  api=15 insize=4442 outsize=3358 ok=1
Cmd: initializeCompiler

Quitting shader compiler process
