Base path: '/home/sub/Unity/Hub/Editor/2019.4.18f1/Editor/Data', plugins path '/home/sub/Unity/Hub/Editor/2019.4.18f1/Editor/Data/PlaybackEngines'
Cmd: initializeCompiler
Cmd: compileComputeKernel
  api=15 insize=12109 outsize=3002 ok=1
Cmd: compileComputeKernel
  api=15 insize=11985 outsize=4076 ok=1
Cmd: compileComputeKernel
  api=18 insize=11985 outsize=6269 ok=1
Cmd: compileComputeKernel
  api=15 insize=18301 outsize=12294 ok=1
Cmd: compileComputeKernel
  api=15 insize=66874 outsize=3372 ok=1
Cmd: compileComputeKernel
  api=15 insize=66874 outsize=3382 ok=1
Cmd: compileComputeKernel
  api=15 insize=66874 outsize=3090 ok=1
Cmd: compileComputeKernel
  api=15 insize=66874 outsize=3105 ok=1
Cmd: compileComputeKernel
  api=15 insize=66874 outsize=3342 ok=1
Cmd: compileComputeKernel
  api=15 insize=66874 outsize=4284 ok=1
Cmd: compileComputeKernel
  api=15 insize=66874 outsize=4323 ok=1
Cmd: compileComputeKernel
  api=15 insize=66874 outsize=3145 ok=1
Cmd: compileComputeKernel
  api=18 insize=66874 outsize=12482 ok=1
Cmd: compileComputeKernel
  api=18 insize=66874 outsize=9389 ok=1
Cmd: compileComputeKernel
  api=18 insize=66874 outsize=5955 ok=1
Cmd: compileComputeKernel
  api=18 insize=66874 outsize=6159 ok=1
Cmd: compileComputeKernel
  api=18 insize=66874 outsize=6220 ok=1
Cmd: compileComputeKernel
  api=18 insize=66874 outsize=8059 ok=1
Cmd: compileComputeKernel
  api=18 insize=66874 outsize=5878 ok=1
Cmd: compileComputeKernel
  api=18 insize=66874 outsize=6499 ok=1
Cmd: compileComputeKernel
  api=18 insize=72903 outsize=41380 ok=1
Cmd: compileComputeKernel
  api=15 insize=34089 outsize=1505 ok=1
Cmd: compileComputeKernel
  api=15 insize=34089 outsize=2257 ok=1
Cmd: compileComputeKernel
  api=15 insize=34089 outsize=3124 ok=1
Cmd: compileComputeKernel
  api=15 insize=34089 outsize=3052 ok=1
Cmd: compileComputeKernel
  api=15 insize=34089 outsize=3024 ok=1
Cmd: compileComputeKernel
  api=18 insize=34089 outsize=3809 ok=1
Cmd: compileComputeKernel
  api=18 insize=34089 outsize=2609 ok=1
Cmd: compileComputeKernel
  api=18 insize=34089 outsize=2286 ok=1
Cmd: compileComputeKernel
  api=18 insize=34089 outsize=5764 ok=1
Cmd: compileComputeKernel
  api=18 insize=34089 outsize=5788 ok=1
Cmd: compileComputeKernel
  api=18 insize=34089 outsize=5416 ok=1
Cmd: compileComputeKernel
  api=15 insize=79248 outsize=46220 ok=1
Cmd: compileComputeKernel
  api=18 insize=79248 outsize=16672 ok=1
Cmd: compileComputeKernel
  api=18 insize=79248 outsize=17196 ok=1
Cmd: compileComputeKernel
  api=18 insize=79248 outsize=12088 ok=1
Cmd: compileComputeKernel
  api=18 insize=79248 outsize=12024 ok=1
Cmd: compileComputeKernel
  api=18 insize=79248 outsize=15213 ok=1
Cmd: compileComputeKernel
  api=18 insize=4442 outsize=5841 ok=1
Cmd: initializeCompiler

Quitting shader compiler process
