Base path: '/home/sub/Unity/Hub/Editor/2019.4.18f1/Editor/Data', plugins path '/home/sub/Unity/Hub/Editor/2019.4.18f1/Editor/Data/PlaybackEngines'
Cmd: initializeCompiler
Cmd: compileComputeKernel
  api=15 insize=12109 outsize=2714 ok=1
Cmd: compileComputeKernel
  api=15 insize=11985 outsize=3327 ok=1
Cmd: compileComputeKernel
  api=15 insize=11985 outsize=3370 ok=1
Cmd: compileComputeKernel
  api=18 insize=11985 outsize=6346 ok=1
Cmd: compileComputeKernel
  api=15 insize=18301 outsize=11846 ok=1
Cmd: compileComputeKernel
  api=15 insize=66874 outsize=7177 ok=1
Cmd: compileComputeKernel
  api=15 insize=66874 outsize=3799 ok=1
Cmd: compileComputeKernel
  api=15 insize=66874 outsize=3092 ok=1
Cmd: compileComputeKernel
  api=15 insize=66874 outsize=3653 ok=1
Cmd: compileComputeKernel
  api=15 insize=66874 outsize=3127 ok=1
Cmd: compileComputeKernel
  api=15 insize=66874 outsize=4280 ok=1
Cmd: compileComputeKernel
  api=15 insize=66874 outsize=4461 ok=1
Cmd: compileComputeKernel
  api=15 insize=66874 outsize=4547 ok=1
Cmd: compileComputeKernel
  api=15 insize=66874 outsize=5635 ok=1
Cmd: compileComputeKernel
  api=18 insize=66874 outsize=53835 ok=1
Cmd: compileComputeKernel
  api=18 insize=66874 outsize=8125 ok=1
Cmd: compileComputeKernel
  api=18 insize=66874 outsize=8130 ok=1
Cmd: compileComputeKernel
  api=15 insize=72903 outsize=13209 ok=1
Cmd: compileComputeKernel
  api=15 insize=34089 outsize=1577 ok=1
Cmd: compileComputeKernel
  api=15 insize=34089 outsize=1982 ok=1
Cmd: compileComputeKernel
  api=15 insize=34089 outsize=1984 ok=1
Cmd: compileComputeKernel
  api=15 insize=34089 outsize=2963 ok=1
Cmd: compileComputeKernel
  api=15 insize=34089 outsize=3258 ok=1
Cmd: compileComputeKernel
  api=15 insize=34089 outsize=3077 ok=1
Cmd: compileComputeKernel
  api=18 insize=34089 outsize=2285 ok=1
Cmd: compileComputeKernel
  api=18 insize=34089 outsize=2286 ok=1
Cmd: compileComputeKernel
  api=18 insize=34089 outsize=3445 ok=1
Cmd: compileComputeKernel
  api=18 insize=34089 outsize=3421 ok=1
Cmd: compileComputeKernel
  api=18 insize=34089 outsize=7549 ok=1
Cmd: compileComputeKernel
  api=18 insize=34089 outsize=5810 ok=1
Cmd: compileComputeKernel
  api=15 insize=79248 outsize=17141 ok=1
Cmd: compileComputeKernel
  api=15 insize=79248 outsize=26168 ok=1
Cmd: compileComputeKernel
  api=18 insize=79248 outsize=96977 ok=1
Cmd: initializeCompiler

Quitting shader compiler process
