Base path: '/home/sub/Unity/Hub/Editor/2019.4.18f1/Editor/Data', plugins path '/home/sub/Unity/Hub/Editor/2019.4.18f1/Editor/Data/PlaybackEngines'
Cmd: initializeCompiler
Cmd: compileComputeKernel
  api=15 insize=12109 outsize=4122 ok=1
Cmd: compileComputeKernel
  api=15 insize=11985 outsize=3327 ok=1
Cmd: compileComputeKernel
  api=15 insize=11985 outsize=3364 ok=1
Cmd: compileComputeKernel
  api=18 insize=11985 outsize=6341 ok=1
Cmd: compileComputeKernel
  api=18 insize=11985 outsize=6408 ok=1
Cmd: compileComputeKernel
  api=15 insize=18301 outsize=12857 ok=1
Cmd: compileComputeKernel
  api=15 insize=66874 outsize=5384 ok=1
Cmd: compileComputeKernel
  api=15 insize=66874 outsize=4657 ok=1
Cmd: compileComputeKernel
  api=15 insize=66874 outsize=3850 ok=1
Cmd: compileComputeKernel
  api=15 insize=66874 outsize=3186 ok=1
Cmd: compileComputeKernel
  api=15 insize=66874 outsize=3132 ok=1
Cmd: compileComputeKernel
  api=15 insize=66874 outsize=3197 ok=1
Cmd: compileComputeKernel
  api=15 insize=66874 outsize=4570 ok=1
Cmd: compileComputeKernel
  api=15 insize=66874 outsize=3197 ok=1
Cmd: compileComputeKernel
  api=15 insize=66874 outsize=3862 ok=1
Cmd: compileComputeKernel
  api=18 insize=66874 outsize=6761 ok=1
Cmd: compileComputeKernel
  api=18 insize=66874 outsize=9185 ok=1
Cmd: compileComputeKernel
  api=18 insize=66874 outsize=5956 ok=1
Cmd: compileComputeKernel
  api=18 insize=66874 outsize=6019 ok=1
Cmd: compileComputeKernel
  api=18 insize=66874 outsize=8051 ok=1
Cmd: compileComputeKernel
  api=18 insize=66874 outsize=8128 ok=1
Cmd: compileComputeKernel
  api=18 insize=66874 outsize=12872 ok=1
Cmd: compileComputeKernel
  api=18 insize=66874 outsize=10175 ok=1
Cmd: compileComputeKernel
  api=15 insize=34089 outsize=1944 ok=1
Cmd: compileComputeKernel
  api=15 insize=34089 outsize=1723 ok=1
Cmd: compileComputeKernel
  api=15 insize=34089 outsize=3173 ok=1
Cmd: compileComputeKernel
  api=15 insize=34089 outsize=2961 ok=1
Cmd: compileComputeKernel
  api=15 insize=34089 outsize=3057 ok=1
Cmd: compileComputeKernel
  api=18 insize=34089 outsize=3361 ok=1
Cmd: compileComputeKernel
  api=18 insize=34089 outsize=3449 ok=1
Cmd: compileComputeKernel
  api=18 insize=34089 outsize=3425 ok=1
Cmd: compileComputeKernel
  api=18 insize=34089 outsize=5641 ok=1
Cmd: compileComputeKernel
  api=18 insize=34089 outsize=6074 ok=1
Cmd: compileComputeKernel
  api=18 insize=34089 outsize=5680 ok=1
Cmd: compileComputeKernel
  api=15 insize=79248 outsize=59941 ok=1
Cmd: compileComputeKernel
  api=18 insize=1900 outsize=11382 ok=1
Cmd: initializeCompiler

Quitting shader compiler process
